<?xml version="1.0" encoding="UTF-8"?>
<!-- Generated by org.testng.reporters.JUnitXMLReporter -->
<testsuite hostname="DESKTOP-Q472SC9" ignored="2" name="Test" tests="3" failures="2" timestamp="06 Jan 2022 20:06:28 GMT" time="191.95" errors="0">
  <testcase name="checkfail" time="0.052" classname="com.qa.toolsqa.TestCases.LoginPageTest"/>
  <testcase name="loginTest" time="1.238" classname="com.qa.toolsqa.TestCases.LoginPageTest">
    <failure type="java.lang.AssertionError" message="expected [true] but found [false]">
      <![CDATA[java.lang.AssertionError: expected [true] but found [false]
	at com.qa.toolsqa.TestCases.LoginPageTest.loginTest(LoginPageTest.java:42)
... Removed 29 stack frames]]>
    </failure>
  </testcase> <!-- loginTest -->
  <testcase name="verifyusername" time="0.915" classname="com.qa.toolsqa.TestCases.HomePageTest">
    <failure type="junit.framework.ComparisonFailure" message="expected:&amp;lt;teston[r]e&amp;gt; but was:&amp;lt;teston[]e&amp;gt;">
      <![CDATA[junit.framework.ComparisonFailure: expected:<teston[r]e> but was:<teston[]e>
	at junit.framework.Assert.assertEquals(Assert.java:100)
	at junit.framework.Assert.assertEquals(Assert.java:107)
	at com.qa.toolsqa.TestCases.HomePageTest.verifyusername(HomePageTest.java:46)
... Removed 25 stack frames]]>
    </failure>
  </testcase> <!-- verifyusername -->
  <testcase name="@BeforeSuite extentreport" time="0.0" classname="com.qa.toolsqa.base.BaseClassToolsqa">
    <ignored/>
  </testcase> <!-- @BeforeSuite extentreport -->
  <testcase name="@AfterSuite teardown" time="0.0" classname="com.qa.toolsqa.base.BaseClassToolsqa">
    <ignored/>
  </testcase> <!-- @AfterSuite teardown -->
</testsuite> <!-- Test -->
